         w __deregister_frame_info
         w __register_frame_info
         w userAppExit
         w userAppInit
00000000 b _TLS_MODULE_BASE_
00000000 00000802 B __ctru_dev_utf16_buf
00000000 a shift
00000000 a shift
00000804 00000401 B __ctru_dev_path_buf
00100000 A __start__
00100000 T _start
00100008 T __service_ptr
0010000c T __apt_appid
00100010 T __heap_size
00100014 T __linear_heap_size
00100018 T __system_arglist
0010001c T __system_runflags
00100020 t startup
00100058 t ClearMem
0010006c t ClrLoop
00100094 T _init
001000ac T __aeabi_idiv
001000ac 00000220 T __divsi3
001000b4 t .divsi3_skip_div0_test
001002cc 00000020 T __aeabi_idivmod
001002ec 00000004 W __aeabi_idiv0
001002ec 00000004 W __aeabi_ldiv0
001002f0 T __aeabi_uldivmod
00100348 00000390 T strcmp
001006d0 t .udivsi3_skip_div0_test
001006d0 T __aeabi_uidiv
001006d0 000001ec T __udivsi3
001008bc 00000020 T __aeabi_uidivmod
001008dc t __do_global_dtors_aux
0010091c t frame_dummy
00100948 00000018 T socShutdown
00100960 000000ac T failExit
00100a0c 000003a0 T main
00100dac 0000051c t consoleHandleColorEsc
001012c8 000000b8 t consoleColorStateShift
00101380 000001ac T consoleDrawChar
0010152c 00000124 T consolePrintChar
00101650 000006f4 T con_write
00101d44 000000fc t newRow
00101e40 0000018c T consoleInit
00101fcc 000000d0 t gfxPresentFramebuffer
0010209c 0000001c T gfxIsWide
001020b8 000000ec T gfxSetScreenFormat
001021a4 00000010 T gfxSetDoubleBuffering
001021b4 000000e0 T gfxInit
00102294 00000010 T gfxInitDefault
001022a4 000000b4 T gfxExit
00102358 000000a0 T gfxGetFramebuffer
001023f8 00000104 T gfxFlushBuffers
001024fc 00000050 T gfxSwapBuffersGpu
0010254c 000001ac t aptConvertScreenForCapture
001026f8 00000008 W aptDspSleep
00102700 00000004 W aptDspWakeup
00102704 00000004 W aptDspCancel
00102708 00000158 T aptSendCommand
00102860 00000044 t aptExitProcess
001028a4 0000038c T aptExit
00102c30 000000e0 T aptHandleSleep
00102d10 00000084 T APT_SleepIfShellClosed
00102d94 00000084 T aptSetSleepAllowed
00102e18 00000084 T APT_UnlockTransition
00102ea0 000004a4 t aptEventHandler
00103344 000000b0 T APT_ReceiveParameter
001033f4 000000ac t aptReceiveParameter.constprop.0
001034a0 000002ac t aptScreenTransfer
0010374c 00000320 t aptWaitForWakeUp.isra.0
00103a6c 000000f8 T aptJumpToHomeMenu
00103b64 00000048 T aptMainLoop
00103bac 0000022c T aptInit
00103dd8 0000007c T APT_CheckNew3DS
00103e54 00000c64 t gspHardwareInit
00104ab8 00000248 T gspInit
00104d00 000000f0 T gspExit
00104df0 00000010 T gspHasGpuRight
00104e00 000000a0 T gspPresentBuffer
00104ea0 00000044 T gspWaitForEvent
00104ee4 00000004 W gxCmdQueueInterrupt
00104ee8 00000158 t gspEventThreadMain
00105040 00000050 T GSPGPU_FlushDataCache
00105090 00000034 T GSPGPU_SetLcdForceBlack
001050c4 00000068 T GSPGPU_AcquireRight
0010512c 00000048 T GSPGPU_ReleaseRight
00105174 0000007c T GSPGPU_ImportDisplayCaptureInfo
001051f0 0000002c T GSPGPU_SaveVramSysArea
0010521c 0000002c T GSPGPU_RestoreVramSysArea
00105248 00000024 W hidShouldUseIrrst
0010526c 0000018c T hidInit
001053f8 000000e8 T hidExit
001054e0 000002a4 T hidScanInput
00105784 00000010 T hidKeysDown
00105794 00000160 T irrstInit
001058f4 000000cc T irrstExit
001059c0 000000b4 T irrstScanInput
00105a74 00000024 T irrstKeysHeld
00105a98 000001d8 T accept
00105c70 00000174 T bind
00105de4 0000003c T _net_convert_error
00105e20 00000140 T fcntl
00105f60 00000050 T gethostid
00105fb0 000000e4 T inet_ntoa
00106094 00000014 t soc_open
001060a8 00000034 t soc_read
001060dc 00000034 t soc_write
00106110 0000008c t soc_close
0010619c 0000014c T socInit
001062e8 00000088 T socExit
00106370 000000f4 T listen
00106464 00000020 T recv
00106484 00000140 T socuipc_cmd7
001065c4 0000015c T socuipc_cmd8
00106720 00000024 T soc_recvfrom
00106744 000000a8 T recvfrom
001067ec 00000020 T send
0010680c 00000158 T socuipc_cmd9
00106964 0000015c T socuipc_cmda
00106ac0 00000024 T soc_sendto
00106ae4 000000a8 T sendto
00106b8c 0000014c T socket
00106cd8 00000038 W __libctru_init
00106d10 00000170 W __system_initArgv
00106e80 00000030 T __syscall_getreent
00106eb0 00000004 T __syscall_lock_acquire
00106eb4 00000004 T __syscall_lock_release
00106eb8 00000004 T __syscall_lock_acquire_recursive
00106ebc 00000004 T __syscall_lock_release_recursive
00106ec0 00000004 T __syscall_exit
00106ec4 00000050 T initThreadVars
00106f14 00000080 T __system_initSyscalls
00106f94 T svcControlMemory
00106fb4 T svcQueryMemory
00106fe4 T svcExitProcess
00106fec T svcCreateThread
0010700c T svcExitThread
00107014 T svcSleepThread
0010701c T svcReleaseMutex
00107024 T svcCreateEvent
00107038 T svcSignalEvent
00107040 T svcClearEvent
00107048 T svcCreateMemoryBlock
00107060 T svcMapMemoryBlock
00107068 T svcUnmapMemoryBlock
00107070 T svcCreateAddressArbiter
00107084 T svcArbitrateAddressNoTimeout
0010708c T svcCloseHandle
00107094 T svcWaitSynchronization
0010709c T svcWaitSynchronizationN
001070c4 T svcDuplicateHandle
001070d8 T svcConnectToPort
001070ec T svcSendSyncRequest
001070f4 T svcGetResourceLimit
00107108 T svcGetResourceLimitLimitValues
00107110 T svcGetResourceLimitCurrentValues
00107118 T svcBreak
00107120 W initSystem
00107170 W __ctru_exit
00107184 00000024 t addrMapNodeComparator(rbtree_node const*, rbtree_node const*)
001071a8 00000004 t addrMapNodeDestructor(rbtree_node*)
001071ac 00000120 T linearMemAlign
001072cc 00000008 T linearAlloc
001072d4 0000005c T linearFree
00107330 00000080 T MemPool::CoalesceRight(MemBlock*)
001073b0 0000016c T MemPool::Allocate(MemChunk&, unsigned long, int)
0010751c 000000fc T MemPool::Deallocate(MemChunk const&)
00107618 00000030 T MemPool::GetFreeSpace()
00107648 00000024 t addrMapNodeComparator(rbtree_node const*, rbtree_node const*)
0010766c 00000004 t addrMapNodeDestructor(rbtree_node*)
00107670 0000024c T vramMemAlignAt
001078bc 0000000c T vramAlloc
001078c8 00000090 T vramFree
00107958 00000084 W envGetHandle
001079dc 00000050 W envDestroyHandles
00107a2c 00000034 T __ctru_speedup_config
00107a60 0000012c T srvInit
00107b8c 00000058 T srvExit
00107be4 00000060 T srvEnableNotification
00107c44 000000a0 T srvGetServiceHandleDirect
00107ce4 00000038 T srvGetServiceHandle
00107d1c 00000034 T srvSubscribe
00107d50 00000060 T srvReceiveNotification
00107db0 00000038 T srvPublishToSubscriber
00107de8 0000000c T __sync_init
00107df4 00000018 T __sync_fini
00107e0c 0000002c T syncArbitrateAddress
00107e38 000000ac T LightLock_Lock
00107ee4 00000040 T LightLock_Unlock
00107f24 00000030 T RecursiveLock_Lock
00107f54 00000054 T RecursiveLock_Unlock
00107fa8 00000040 T LightEvent_Init
00107fe8 000000a4 T LightEvent_Clear
0010808c 000000c8 T LightEvent_Signal
00108154 00000050 T LightEvent_TryWait
001081a4 000000a0 T LightEvent_Wait
00108244 000001d8 T threadCreate
0010841c 0000002c T threadFree
00108448 00000024 T threadJoin
0010846c 00000030 T threadGetCurrent
0010849c 00000040 T threadExit
001084dc 00000020 t _thread_begin
001084fc 000000b4 t mappableFindAddressWithin
001085b0 00000028 T mappableInit
001085d8 00000080 T mappableAlloc
00108658 00000004 T mappableFree
0010865c 00000074 T ptmSysmInit
001086d0 0000003c T ptmSysmExit
0010870c 00000034 T PTMSYSM_ConfigureNew3DSCPU
00108740 0000000c T srvPmGetSessionHandle
0010874c 00000074 T rbtree_find
001087c0 00000010 T rbtree_init
001087d0 000001b0 t do_insert
00108980 00000008 T rbtree_insert
00108988 00000318 T rbtree_remove
00108ca0 00000090 T rbtree_rotate
00108d30 000001e0 W __system_allocateHeaps
00108f10 00000030 W __appExit
00108f40 00000030 W __appInit
00108f70 00000090 W __libctru_exit
00109000 00000014 t archive_link
00109014 00000014 t archive_dirreset
00109028 00000014 t archive_chmod
0010903c 00000024 t error_cmp
00109060 00000050 t archive_translate_error
001090b0 000000c8 t archive_seek
00109178 0000007c t _archiveInit.part.0
001091f4 000000c4 t archiveFindDevice.part.0
001092b8 00000280 t archive_utf16path
00109538 0000009c t _archiveUnmountDeviceStruct.part.0
001095d4 00000014 t archive_fchmod
001095e8 00000014 t archive_statvfs
001095fc 00000164 t _archiveMountDevice
00109760 000000e8 t archive_diropen
00109848 000000a4 t archive_fstat
001098ec 0000006c t archive_fsync
00109958 0000006c t archive_close
001099c4 00000070 t archive_dirclose
00109a34 000000e8 t sdmc_statvfs
00109b1c 000000ec t archive_chdir
00109c08 0000007c t archive_ftruncate
00109c84 000000ac t archive_read
00109d30 000000a4 t archive_unlink
00109dd4 000000bc t archive_rmdir
00109e90 000000dc t archive_mkdir
00109f6c 00000194 t archive_stat
0010a100 00000160 t archive_dirnext
0010a260 00000124 t archive_write
0010a384 0000020c t archive_open
0010a590 00000278 t archive_rename
0010a808 0000019c T archiveMountSdmc
0010a9a4 00000054 T archiveUnmountAll
0010a9f8 000000cc T fsInit
0010aac4 0000003c T fsExit
0010ab00 00000060 T fsExemptFromSession
0010ab60 00000050 T fsUnexemptFromSession
0010abb0 000000cc T FSUSER_OpenFile
0010ac7c 000000bc T FSUSER_DeleteFile
0010ad38 000000f8 T FSUSER_RenameFile
0010ae30 000000bc T FSUSER_DeleteDirectory
0010aeec 000000d4 T FSUSER_CreateFile
0010afc0 000000c4 T FSUSER_CreateDirectory
0010b084 000000f8 T FSUSER_RenameDirectory
0010b17c 000000b4 T FSUSER_OpenDirectory
0010b230 00000094 T FSUSER_OpenArchive
0010b2c4 0000008c T FSUSER_CloseArchive
0010b350 00000074 T FSUSER_GetSdmcArchiveResource
0010b3c4 00000064 T FSUSER_IsSdmcWritable
0010b428 00000058 T FSFILE_Read
0010b480 00000060 T FSFILE_Write
0010b4e0 00000038 T FSFILE_GetSize
0010b518 00000028 T FSFILE_SetSize
0010b540 0000003c T FSFILE_Close
0010b57c 00000024 T FSFILE_Flush
0010b5a0 00000050 T FSDIR_Read
0010b5f0 0000003c T FSDIR_Close
0010b62c 0000005c T rbtree_node_next
0010b688 0000013c T decode_utf8
0010b7c4 000000e8 T utf16_to_utf8
0010b8ac 000000c0 T utf8_to_utf16
0010b96c T __aeabi_read_tp
0010b978 00000064 T decode_utf16
0010b9dc 00000054 T encode_utf16
0010ba30 000000e0 T encode_utf8
0010bb10 00000120 T __udivmoddi4
0010bc30 000000e4 T strncmp
0010bd14 0000005c T strlen
0010bd70 0000063c T _strerror_r
0010c3ac 00000020 T strerror
0010c3cc 00000008 T _user_strerror
0010c3d4 00000068 T sprintf
0010c43c 000001d8 t _strtoul_l.isra.0
0010c614 00000034 T strtoul
0010c648 000000e4 T strncat
0010c72c 00000078 T bsearch
0010c7a4 00000020 T memalign
0010c7c4 0000001c t stdio_exit_handler
0010c7e0 0000005c t cleanup_stdio
0010c83c 00000154 t global_stdio_init.part.0
0010c990 0000005c T __sinit
0010c9ec 0000000c T __sfp_lock_acquire
0010c9f8 0000000c T __sfp_lock_release
0010ca04 0000079c T _malloc_r
0010d1a0 000000f8 T _malloc_trim_r
0010d298 000002e8 T _free_r
0010d580 0000064c t get_arg
0010dbd0 00003324 T _svfprintf_r
00110ef4 00000024 T vprintf
00110f18 00000018 T close
00110f30 0000025c T setvbuf
0011118c 00000048 T strnlen
001111d4 0000000c T __errno
001111e0 00000018 T malloc
001111f8 00000018 T free
00111210 0000011c T memcpy
0011132c 00000034 T printf
00111360 000000e0 T _puts_r
00111440 00000018 T puts
00111458 000000f4 T memset
0011154c 00000070 T _fwalk_sglue
001115bc 0000000c T __malloc_lock
001115c8 0000000c T __malloc_unlock
001115d4 00000030 T exit
00111604 00000014 T atexit
00111618 000000c4 T strncpy
001116dc 00000028 T _wcsrtombs_r
00111704 00000084 T __libc_init_array
00111788 0000022c T __sflush_r
001119b4 00000094 T _fflush_r
00111a48 00000088 T frexp
00111ad0 000004b4 T __sfvwrite_r
00111f84 00000024 T __locale_mb_cur_max
00111fa8 000000a4 T __ssprint_r
0011204c 0000014c T _memalign_r
00112198 000000e0 T memchr
00112278 00000188 T _wcsnrtombs_l
00112400 00000064 T _wcsnrtombs_r
00112464 000002f8 T __utf8_mbtowc
0011275c 00000044 T __sread
001127a0 00000068 T __swrite
00112808 00000044 T __sseek
0011284c 00000008 T __sclose
00112854 00000148 T _fclose_r
0011299c 00000024 T _localeconv_r
001129c0 0000064c t get_arg
00113010 00003378 T _vfprintf_r
00116388 000000b8 t __sbprintf
00116440 0000012c T __smakebuf_r
0011656c 0000008c T __swhatbuf_r
001165f8 000001b4 t quorem
001167b0 00001218 T _dtoa_r
001179c8 000000a0 T _wcrtomb_r
00117a68 000000b0 T __register_exitproc
00117b18 000004a0 T _realloc_r
00117fb8 00000128 T __ssputs_r
001180e0 000000f0 T __utf8_wctomb
001181d0 00000138 T __swsetup_r
00118308 00000130 T strchr
00118438 00000150 T memmove
00118588 0000005c T __assert_func
001185e4 00000088 T _Balloc
0011866c 0000001c T _Bfree
00118688 000000f4 T __multadd
0011877c 00000060 T __hi0bits
001187dc 0000009c T __lo0bits
00118878 000000a4 T __i2b
0011891c 00000204 T __multiply
00118b20 00000128 T __pow5mult
00118c48 00000140 T __lshift
00118d88 00000058 T __mcmp
00118de0 000001fc T __mdiff
00118fdc 00000124 T __d2b
00119100 0000003c T fiprintf
0011913c 00000030 T __sprint_r
0011916c 00000014 T abort
00119180 000000c0 T _calloc_r
00119240 0000012c T __call_exitprocs
0011936c 00000090 T _raise_r
001193fc 00000018 T raise
00119414 0000064c t get_arg
00119a60 00002300 T _vfiprintf_r
0011bd60 000000b8 t __sbprintf
0011be18 00000020 T _exit
0011be38 0000013c T chdir
0011bf74 000001cc T _concatenate_path
0011c140 00000078 T _fstat_r
0011c1b8 00000014 T _getpid_r
0011c1cc 0000002c T __getreent
0011c1f8 0000008c T __release_handle
0011c284 000000b0 T __alloc_handle
0011c334 0000003c T __get_handle
0011c370 000000f4 T _close_r
0011c464 00000008 t null_write
0011c46c 00000018 T setDefaultDevice
0011c484 000000c8 T FindDevice
0011c54c 00000028 T RemoveDevice
0011c574 0000009c T AddDevice
0011c610 00000020 T GetDeviceOpTab
0011c630 00000008 T _isatty_r
0011c638 00000014 T _kill_r
0011c64c 00000084 T _lseek_r
0011c6d0 00000080 T _read_r
0011c750 00000078 W _sbrk_r
0011c7c8 0000001c T __libc_lock_acquire
0011c7e4 0000001c T __libc_lock_release
0011c800 0000001c T __libc_lock_acquire_recursive
0011c81c 0000001c T __libc_lock_release_recursive
0011c838 00000080 T _write_r
0011c8b8 00000048 T strrchr
0011c900 T _fini
0011d000 00000011 r http_get_index
0011d014 00000012 r http_200
0011d028 0000001c r http_html_hdr
0011d044 00000107 r indexdata
0011da68 r .LC2
0011db48 00000080 r dotab_stdout
0011dbc8 00000018 r grayScale
0011dbe0 00000006 r colorCube
0011dbe8 00000030 r colorTable
0011dc18 00000008 r morton_y.2
0011dc20 00000008 r morton_x.3
0011dc28 00000008 r s_sleepWakeEvents.4
0011dc30 0000004d r _net_error_code_map
0011dc80 R default_font_bin
0011e480 R default_font_bin_end
0011e480 00000030 r error_table
0011e4b0 00000080 r archive_devoptab
0011e56c 00000010 r zeroes.0
0011e57c 00000010 r blanks.1
0011e58c 00000101 R _ctype_
0011e690 0000006c R __action_table
0011e6fc 0000006c R __state_table
0011e768 00000100 R __chclass
0011e868 00000010 r zeroes.0
0011e878 00000010 r blanks.1
0011e888 0000000c r p05.0
0011e898 00000028 R __mprec_bigtens
0011e8c0 000000c8 R __mprec_tens
0011e988 00000010 r zeroes.0
0011e998 00000010 r blanks.1
0011e9a8 00000080 R dotab_stdnull
0011ea28 R __tdata_align
0011ea2c r __EH_FRAME_BEGIN__
0011ea2c R __exidx_end
0011ea2c R __exidx_start
0011f000 00000004 D sock
0011f004 00000004 D csock
0011f008 00000001 d firstConsoleInit.0
0011f00c 00000004 D currentConsole
0011f010 00000048 D defaultConsole
0011f058 00000004 d aptChainloadDeliverArgSize
0011f05c 00000004 d kCount
0011f060 00000004 d kInterval
0011f064 00000004 d kDelay
0011f068 00000080 d soc_devoptab
0011f0e8 W __stacksize__
0011f0ec 00000004 D _impure_ptr
0011f0f0 00000120 D _impure_data
0011f210 0000000c D __sglue
0011f21c 00000004 D __malloc_sbrk_base
0011f220 00000004 D __malloc_trim_threshold
0011f228 00000408 D __malloc_av_
0011f630 0000016c D __global_locale
0011f79c 00000400 d _current_working_directory
0011fb9c 00001000 d handles
00120b9c 0000000c d __stderr_handle
00120ba8 0000000c d __stdout_handle
00120bb4 0000000c d __stdin_handle
00120bc0 0000008c D devoptab_list
00120c4c 00000004 d defaultDevice
00120c58 d _GLOBAL_OFFSET_TABLE_
00120c64 d __frame_dummy_init_array_entry
00120c64 D __init_array_start
00120c64 B __preinit_array_end
00120c64 B __preinit_array_start
00120c64 D __tdata_lma
00120c64 D __tdata_lma_end
00120c68 d __do_global_dtors_aux_fini_array_entry
00120c68 D __fini_array_start
00120c68 D __init_array_end
00120c6c 00000004 b SOC_buffer
00120c6c D __bss_start__
00120c6c D __fini_array_end
00120c70 00000004 b hits.0
00120c74 b completed.1
00120c78 b object.0
00120c90 0000001c b escapeSeq
00120cac 00000048 B currentCopy
00120cf4 00000004 b screenAlloc
00120cf8 00000004 b screenFree
00120cfc 00000002 b gfxIsDoubleBuf
00120d00 00000002 b gfxCurBuf
00120d02 00000001 b gfxIsVram
00120d03 00000001 b gfxTopMode
00120d04 00000002 b gfxFramebufferFormats
00120d08 00000004 b gfxBottomFramebufferMaxSize
00120d0c 00000004 b gfxTopFramebufferMaxSize
00120d10 00000008 b gfxBottomFramebuffers
00120d18 00000008 b gfxTopFramebuffers
00120d20 00000001 b flagValue.0
00120d21 00000001 b flagInit.1
00120d24 00000004 b serviceName.6
00120d28 00000001 b aptChainloadFlags
00120d29 00000001 b aptChainloadMediatype
00120d2c 00000020 b aptChainloadHmac
00120d4c 00000300 b aptChainloadDeliverArg
00121050 00000008 b aptChainloadTid
00121058 00001000 b aptParameters
00122058 00000004 b aptFlags
0012205c 00000001 b aptHomeButtonState
00122060 00000004 b aptMessageFuncData
00122064 00000004 b aptMessageFunc
00122068 0000000c b aptFirstHook
00122074 00000001 b aptEventHandlerThreadQuit
00122078 00000004 b aptEventHandlerThread
0012207c 00000008 b aptSleepEvent
00122084 00000008 b aptReceiveEvent
0012208c 00000008 b aptEvents
00122094 00000004 b aptLockHandle
00122098 00000004 b aptRefCount
0012209c 00000007 b gspEventCbOneShot
001220a4 0000001c b gspEventCbData
001220c0 0000001c b gspEventCb
001220dc 00000038 b gspEvents
00122114 00000004 b gspLastEvent
00122118 00000001 b gspRunEvents
0012211c 00000004 b gspEventThread
00122120 00000004 b gspEvent
00122124 00000001 b gspGpuRight
00122125 00000001 b gspThreadId
00122128 00000004 b gspSharedMem
0012212c 00000004 b gspSharedMemHandle
00122130 00000004 b gspRefCount
00122134 00000004 b gspGpuHandle
00122138 00000001 b usingIrrst
0012213c 00000004 b hidRefCount
00122140 00000006 b gRate
00122148 00000006 b aVec
00122150 00000004 b cPos
00122154 00000004 b tPos
00122158 00000004 b kRepeat
0012215c 00000004 b kUp
00122160 00000004 b kDown
00122164 00000004 b kHeld
00122168 00000004 b kOld
0012216c 00000004 B hidSharedMem
00122170 00000014 B hidEvents
00122184 00000004 B hidMemHandle
00122188 00000004 B hidHandle
0012218c 00000004 b irrstRefCount
00122190 00000004 b csPos
00122194 00000004 b kHeld
00122198 00000004 B irrstSharedMem
0012219c 00000004 B irrstEvent
001221a0 00000004 B irrstMemHandle
001221a4 00000004 B irrstHandle
001221a8 00000004 B socMemhandle
001221ac 00000004 B SOCU_handle
001221b0 00000010 b buffer
001221c0 00000004 B __system_retAddr
001221c4 00000004 B __system_argv
001221c8 00000004 B __system_argc
001221cc b saved_stack
001221d8 00000008 b sLinearPool
001221e0 0000000c b sAddrMap
001221f0 00000008 b sVramPoolB
001221f8 00000008 b sVramPoolA
00122200 0000000c b sAddrMap
0012220c 00000004 B __3dslink_host
00122210 00000001 V __ctru_speedup
00122214 00000004 b srvRefCount
00122218 00000004 b srvHandle
0012221c 00000004 b arbiter
00122220 00000004 b currentAddr
00122224 00000004 b maxAddr
00122228 00000004 b minAddr
0012222c 00000004 b ptmSysmRefCount
00122230 00000004 b ptmSysmHandle
00122234 00000004 b srvPmHandle
00122238 00000004 V __ctru_linear_heap_size
0012223c 00000004 V __ctru_heap_size
00122240 00000004 B __ctru_linear_heap
00122244 00000004 B __ctru_heap
00122248 000005c0 b archive_devices
00122808 00000004 b archive_device_cwd
0012280c 00000001 b archive_initialized
00122810 00000080 b fsExemptArchives
00122890 00000004 b fsuRefCount
00122894 00000004 b fsuHandle
00122898 0000000c b __sfp_recursive_mutex
001228a8 00000168 B __sf
00122a10 00000004 B __stdio_exit_handler
00122a14 00000028 B __malloc_current_mallinfo
00122a3c 00000004 B __malloc_max_total_mem
00122a40 00000004 B __malloc_max_sbrked_mem
00122a44 00000004 B __malloc_top_pad
00122a48 0000000c b __malloc_recursive_mutex
00122a54 00000190 B __atexit0
00122be4 00000004 B __atexit
00122be8 0000000c B __atexit_recursive_mutex
00122bf4 00000400 b temp_cwd
00122ff4 00000004 b __hndl_lock
00122ff8 00000004 B fake_heap_start
00122ffc 00000004 B fake_heap_end
00123000 00000004 b heap_start.0
00123004 B __tls_start
00123c0c B __bss_end__
00123c0c A __end__
00123c0c B __tls_end
